android/app/build/intermediates/manifest_merge_blame_file/debug/manifest-merger-blame-debug-report.txt
1<?xml version="1.0" encoding="utf-8"?>
2<manifest xmlns:android="http://schemas.android.com/apk/res/android"
3    package="com.example.your_app_name"
4    android:versionCode="22"
5    android:versionName="3.4.2" >
6
7    <uses-sdk
8        android:minSdkVersion="21"
9        android:targetSdkVersion="35" />
10    <!--
11         The INTERNET permission is required for development. Specifically,
12         the Flutter tool needs it to communicate with the running application
13         to allow setting breakpoints, to provide hot reload, etc.
14    -->
15
16    <uses-permission android:name="android.permission.INTERNET" />
16-->src\main\AndroidManifest.xml:2:3-65
16-->src\main\AndroidManifest.xml:2:20-62
17    <uses-permission android:name="android.permission.WRITE_EXTERNAL_STORAGE" />
17-->src\main\AndroidManifest.xml:3:1-76
17-->src\main\AndroidManifest.xml:3:18-74
18    <uses-permission android:name="android.permission.READ_EXTERNAL_STORAGE" />
18-->src\main\AndroidManifest.xml:4:1-75
18-->src\main\AndroidManifest.xml:4:18-73
19    <uses-permission android:name="android.permission.WRITE_MEDIA_STORAGE" />
19-->src\main\AndroidManifest.xml:5:1-73
19-->src\main\AndroidManifest.xml:5:18-71
20    <uses-permission android:name="android.permission.READ_MEDIA_STORAGE" />
20-->src\main\AndroidManifest.xml:6:1-72
20-->src\main\AndroidManifest.xml:6:18-70
21    <uses-permission android:name="android.permission.READ_MEDIA_IMAGES" />
21-->src\main\AndroidManifest.xml:7:1-71
21-->src\main\AndroidManifest.xml:7:18-69
22    <uses-permission android:name="android.permission.READ_MEDIA_VIDEO" />
22-->src\main\AndroidManifest.xml:8:1-70
22-->src\main\AndroidManifest.xml:8:18-68
23    <uses-permission android:name="android.permission.READ_MEDIA_AUDIO" /> <!-- <uses-permission android:name="android.permission.MANAGE_EXTERNAL_STORAGE" /> -->
23-->src\main\AndroidManifest.xml:9:1-70
23-->src\main\AndroidManifest.xml:9:18-68
24    <uses-permission android:name="android.permission.CAMERA" />
24-->src\main\AndroidManifest.xml:11:2-61
24-->src\main\AndroidManifest.xml:11:19-59
25
26    <queries>
26-->[:file_picker] AndroidManifest.xml:7:5-13:15
27        <intent>
27-->[:file_picker] AndroidManifest.xml:8:9-12:18
28            <action android:name="android.intent.action.GET_CONTENT" />
28-->[:file_picker] AndroidManifest.xml:9:13-72
28-->[:file_picker] AndroidManifest.xml:9:21-69
29
30            <data android:mimeType="*/*" />
30-->[:file_picker] AndroidManifest.xml:11:13-44
30-->[:file_picker] AndroidManifest.xml:11:19-41
31        </intent>
32    </queries>
33
34    <uses-permission android:name="android.permission.WAKE_LOCK" />
34-->[:firebase_messaging] AndroidManifest.xml:8:5-68
34-->[:firebase_messaging] AndroidManifest.xml:8:22-65
35    <uses-permission android:name="android.permission.ACCESS_NETWORK_STATE" /> <!-- Permissions options for the `notification` group -->
35-->[:firebase_messaging] AndroidManifest.xml:9:5-79
35-->[:firebase_messaging] AndroidManifest.xml:9:22-76
36    <uses-permission android:name="android.permission.POST_NOTIFICATIONS" />
36-->[:firebase_messaging] AndroidManifest.xml:11:5-77
36-->[:firebase_messaging] AndroidManifest.xml:11:22-74
37    <uses-permission android:name="android.permission.VIBRATE" /> <!-- Required by older versions of Google Play services to create IID tokens -->
37-->[:flutter_local_notifications] AndroidManifest.xml:7:5-66
37-->[:flutter_local_notifications] AndroidManifest.xml:7:22-63
38    <uses-permission android:name="com.google.android.c2dm.permission.RECEIVE" />
38-->[com.google.firebase:firebase-messaging:23.4.1] AndroidManifest.xml:26:5-82
38-->[com.google.firebase:firebase-messaging:23.4.1] AndroidManifest.xml:26:22-79
39    <uses-permission android:name="com.google.android.providers.gsf.permission.READ_GSERVICES" />
39-->[com.google.android.recaptcha:recaptcha:18.4.0] AndroidManifest.xml:9:5-98
39-->[com.google.android.recaptcha:recaptcha:18.4.0] AndroidManifest.xml:9:22-95
40
41    <permission
41-->[androidx.core:core:1.13.1] AndroidManifest.xml:22:5-24:47
42        android:name="com.example.your_app_name.DYNAMIC_RECEIVER_NOT_EXPORTED_PERMISSION"
42-->[androidx.core:core:1.13.1] AndroidManifest.xml:23:9-81
43        android:protectionLevel="signature" />
43-->[androidx.core:core:1.13.1] AndroidManifest.xml:24:9-44
44
45    <uses-permission android:name="com.example.your_app_name.DYNAMIC_RECEIVER_NOT_EXPORTED_PERMISSION" />
45-->[androidx.core:core:1.13.1] AndroidManifest.xml:26:5-97
45-->[androidx.core:core:1.13.1] AndroidManifest.xml:26:22-94
46
47    <application
48        android:name="android.app.Application"
49        android:appComponentFactory="androidx.core.app.CoreComponentFactory"
49-->[androidx.core:core:1.13.1] AndroidManifest.xml:28:18-86
50        android:debuggable="true"
51        android:icon="@mipmap/launcher_icon"
52        android:label="Zine"
53        android:requestLegacyExternalStorage="true" >
54        <activity
55            android:name="com.example.your_app_name.MainActivity"
56            android:configChanges="orientation|keyboardHidden|keyboard|screenSize|smallestScreenSize|locale|layoutDirection|fontScale|screenLayout|density|uiMode"
57            android:exported="true"
58            android:hardwareAccelerated="true"
59            android:launchMode="singleTop"
60            android:screenOrientation="portrait"
61            android:theme="@style/LaunchTheme"
62            android:windowSoftInputMode="adjustResize" >
63
64            <!--
65           Specifies an Android theme to apply to this Activity as soon as
66                 the Android process has started. This theme is visible to the user
67                 while the Flutter UI initializes. After that, this theme continues
68                 to determine the Window background behind the Flutter UI.
69            -->
70            <meta-data
71                android:name="io.flutter.embedding.android.NormalTheme"
72                android:resource="@style/NormalTheme" />
73
74            <intent-filter>
75                <action android:name="android.intent.action.MAIN" />
76
77                <category android:name="android.intent.category.LAUNCHER" />
78            </intent-filter>
79        </activity>
80        <!--
81         Don't delete the meta-data below.
82             This is used by the Flutter tool to generate GeneratedPluginRegistrant.java
83        -->
84        <!--
85         <intent-filter>
86            <action android:name="FLUTTER_NOTIFICATION_CLICK" />
87            <category android:name="android.intent.category.DEFAULT" />
88        </intent-filter>
89        -->
90        <meta-data
91            android:name="com.google.firebase.messaging.default_notification_channel_id"
92            android:value="@string/notification_channel_id" />
93        <meta-data
94            android:name="com.google.firebase.messaging.default_notification_icon"
95            android:resource="@mipmap/new_launcher_icon" />
96        <meta-data
97            android:name="com.google.firebase.messaging.default_notification_color"
98            android:resource="@android:color/black" />
99        <meta-data
100            android:name="flutterEmbedding"
101            android:value="2" />
102
103        <service
103-->[:cloud_firestore] AndroidManifest.xml:8:9-12:19
104            android:name="com.google.firebase.components.ComponentDiscoveryService"
104-->[:cloud_firestore] AndroidManifest.xml:8:18-89
105            android:directBootAware="true"
105-->[com.google.firebase:firebase-common:20.4.3] AndroidManifest.xml:32:13-43
106            android:exported="false" >
106-->[com.google.firebase:firebase-auth:22.3.1] AndroidManifest.xml:68:13-37
107            <meta-data
107-->[:cloud_firestore] AndroidManifest.xml:9:13-11:85
108                android:name="com.google.firebase.components:io.flutter.plugins.firebase.firestore.FlutterFirebaseFirestoreRegistrar"
108-->[:cloud_firestore] AndroidManifest.xml:10:17-134
109                android:value="com.google.firebase.components.ComponentRegistrar" />
109-->[:cloud_firestore] AndroidManifest.xml:11:17-82
110            <meta-data
110-->[:firebase_auth] AndroidManifest.xml:9:13-11:85
111                android:name="com.google.firebase.components:io.flutter.plugins.firebase.auth.FlutterFirebaseAuthRegistrar"
111-->[:firebase_auth] AndroidManifest.xml:10:17-124
112                android:value="com.google.firebase.components.ComponentRegistrar" />
112-->[:firebase_auth] AndroidManifest.xml:11:17-82
113            <meta-data
113-->[:firebase_messaging] AndroidManifest.xml:36:13-38:85
114                android:name="com.google.firebase.components:io.flutter.plugins.firebase.messaging.FlutterFirebaseAppRegistrar"
114-->[:firebase_messaging] AndroidManifest.xml:37:17-128
115                android:value="com.google.firebase.components.ComponentRegistrar" />
115-->[:firebase_messaging] AndroidManifest.xml:38:17-82
116            <meta-data
116-->[:firebase_storage] AndroidManifest.xml:9:13-11:85
117                android:name="com.google.firebase.components:io.flutter.plugins.firebase.storage.FlutterFirebaseAppRegistrar"
117-->[:firebase_storage] AndroidManifest.xml:10:17-126
118                android:value="com.google.firebase.components.ComponentRegistrar" />
118-->[:firebase_storage] AndroidManifest.xml:11:17-82
119            <meta-data
119-->[:firebase_core] AndroidManifest.xml:9:13-11:85
120                android:name="com.google.firebase.components:io.flutter.plugins.firebase.core.FlutterFirebaseCoreRegistrar"
120-->[:firebase_core] AndroidManifest.xml:10:17-124
121                android:value="com.google.firebase.components.ComponentRegistrar" />
121-->[:firebase_core] AndroidManifest.xml:11:17-82
122            <meta-data
122-->[com.google.firebase:firebase-auth:22.3.1] AndroidManifest.xml:69:13-71:85
123                android:name="com.google.firebase.components:com.google.firebase.auth.FirebaseAuthRegistrar"
123-->[com.google.firebase:firebase-auth:22.3.1] AndroidManifest.xml:70:17-109
124                android:value="com.google.firebase.components.ComponentRegistrar" />
124-->[com.google.firebase:firebase-auth:22.3.1] AndroidManifest.xml:71:17-82
125            <meta-data
125-->[com.google.firebase:firebase-firestore:24.11.0] AndroidManifest.xml:17:13-19:85
126                android:name="com.google.firebase.components:com.google.firebase.firestore.FirebaseFirestoreKtxRegistrar"
126-->[com.google.firebase:firebase-firestore:24.11.0] AndroidManifest.xml:18:17-122
127                android:value="com.google.firebase.components.ComponentRegistrar" />
127-->[com.google.firebase:firebase-firestore:24.11.0] AndroidManifest.xml:19:17-82
128            <meta-data
128-->[com.google.firebase:firebase-firestore:24.11.0] AndroidManifest.xml:20:13-22:85
129                android:name="com.google.firebase.components:com.google.firebase.firestore.FirestoreRegistrar"
129-->[com.google.firebase:firebase-firestore:24.11.0] AndroidManifest.xml:21:17-111
130                android:value="com.google.firebase.components.ComponentRegistrar" />
130-->[com.google.firebase:firebase-firestore:24.11.0] AndroidManifest.xml:22:17-82
131            <meta-data
131-->[com.google.firebase:firebase-messaging:23.4.1] AndroidManifest.xml:57:13-59:85
132                android:name="com.google.firebase.components:com.google.firebase.messaging.FirebaseMessagingKtxRegistrar"
132-->[com.google.firebase:firebase-messaging:23.4.1] AndroidManifest.xml:58:17-122
133                android:value="com.google.firebase.components.ComponentRegistrar" />
133-->[com.google.firebase:firebase-messaging:23.4.1] AndroidManifest.xml:59:17-82
134            <meta-data
134-->[com.google.firebase:firebase-messaging:23.4.1] AndroidManifest.xml:60:13-62:85
135                android:name="com.google.firebase.components:com.google.firebase.messaging.FirebaseMessagingRegistrar"
135-->[com.google.firebase:firebase-messaging:23.4.1] AndroidManifest.xml:61:17-119
136                android:value="com.google.firebase.components.ComponentRegistrar" />
136-->[com.google.firebase:firebase-messaging:23.4.1] AndroidManifest.xml:62:17-82
137            <meta-data
137-->[com.google.firebase:firebase-storage:20.3.0] AndroidManifest.xml:30:13-32:85
138                android:name="com.google.firebase.components:com.google.firebase.storage.FirebaseStorageKtxRegistrar"
138-->[com.google.firebase:firebase-storage:20.3.0] AndroidManifest.xml:31:17-118
139                android:value="com.google.firebase.components.ComponentRegistrar" />
139-->[com.google.firebase:firebase-storage:20.3.0] AndroidManifest.xml:32:17-82
140            <meta-data
140-->[com.google.firebase:firebase-storage:20.3.0] AndroidManifest.xml:33:13-35:85
141                android:name="com.google.firebase.components:com.google.firebase.storage.StorageRegistrar"
141-->[com.google.firebase:firebase-storage:20.3.0] AndroidManifest.xml:34:17-107
142                android:value="com.google.firebase.components.ComponentRegistrar" />
142-->[com.google.firebase:firebase-storage:20.3.0] AndroidManifest.xml:35:17-82
143            <meta-data
143-->[com.google.firebase:firebase-iid:21.1.0] AndroidManifest.xml:32:13-34:85
144                android:name="com.google.firebase.components:com.google.firebase.iid.Registrar"
144-->[com.google.firebase:firebase-iid:21.1.0] AndroidManifest.xml:33:17-96
145                android:value="com.google.firebase.components.ComponentRegistrar" />
145-->[com.google.firebase:firebase-iid:21.1.0] AndroidManifest.xml:34:17-82
146            <meta-data
146-->[com.google.firebase:firebase-installations:17.2.0] AndroidManifest.xml:15:13-17:85
147                android:name="com.google.firebase.components:com.google.firebase.installations.FirebaseInstallationsKtxRegistrar"
147-->[com.google.firebase:firebase-installations:17.2.0] AndroidManifest.xml:16:17-130
148                android:value="com.google.firebase.components.ComponentRegistrar" />
148-->[com.google.firebase:firebase-installations:17.2.0] AndroidManifest.xml:17:17-82
149            <meta-data
149-->[com.google.firebase:firebase-installations:17.2.0] AndroidManifest.xml:18:13-20:85
150                android:name="com.google.firebase.components:com.google.firebase.installations.FirebaseInstallationsRegistrar"
150-->[com.google.firebase:firebase-installations:17.2.0] AndroidManifest.xml:19:17-127
151                android:value="com.google.firebase.components.ComponentRegistrar" />
151-->[com.google.firebase:firebase-installations:17.2.0] AndroidManifest.xml:20:17-82
152            <meta-data
152-->[com.google.firebase:firebase-appcheck:17.1.2] AndroidManifest.xml:25:13-27:85
153                android:name="com.google.firebase.components:com.google.firebase.appcheck.FirebaseAppCheckKtxRegistrar"
153-->[com.google.firebase:firebase-appcheck:17.1.2] AndroidManifest.xml:26:17-120
154                android:value="com.google.firebase.components.ComponentRegistrar" />
154-->[com.google.firebase:firebase-appcheck:17.1.2] AndroidManifest.xml:27:17-82
155            <meta-data
155-->[com.google.firebase:firebase-appcheck:17.1.2] AndroidManifest.xml:28:13-30:85
156                android:name="com.google.firebase.components:com.google.firebase.appcheck.FirebaseAppCheckRegistrar"
156-->[com.google.firebase:firebase-appcheck:17.1.2] AndroidManifest.xml:29:17-117
157                android:value="com.google.firebase.components.ComponentRegistrar" />
157-->[com.google.firebase:firebase-appcheck:17.1.2] AndroidManifest.xml:30:17-82
158            <meta-data
158-->[com.google.firebase:firebase-common-ktx:20.4.3] AndroidManifest.xml:12:13-14:85
159                android:name="com.google.firebase.components:com.google.firebase.ktx.FirebaseCommonLegacyRegistrar"
159-->[com.google.firebase:firebase-common-ktx:20.4.3] AndroidManifest.xml:13:17-116
160                android:value="com.google.firebase.components.ComponentRegistrar" />
160-->[com.google.firebase:firebase-common-ktx:20.4.3] AndroidManifest.xml:14:17-82
161            <meta-data
161-->[com.google.firebase:firebase-common:20.4.3] AndroidManifest.xml:35:13-37:85
162                android:name="com.google.firebase.components:com.google.firebase.FirebaseCommonKtxRegistrar"
162-->[com.google.firebase:firebase-common:20.4.3] AndroidManifest.xml:36:17-109
163                android:value="com.google.firebase.components.ComponentRegistrar" />
163-->[com.google.firebase:firebase-common:20.4.3] AndroidManifest.xml:37:17-82
164            <meta-data
164-->[com.google.firebase:firebase-datatransport:18.1.7] AndroidManifest.xml:27:13-29:85
165                android:name="com.google.firebase.components:com.google.firebase.datatransport.TransportRegistrar"
165-->[com.google.firebase:firebase-datatransport:18.1.7] AndroidManifest.xml:28:17-115
166                android:value="com.google.firebase.components.ComponentRegistrar" />
166-->[com.google.firebase:firebase-datatransport:18.1.7] AndroidManifest.xml:29:17-82
167        </service>
168        <service
168-->[:firebase_messaging] AndroidManifest.xml:14:9-17:72
169            android:name="io.flutter.plugins.firebase.messaging.FlutterFirebaseMessagingBackgroundService"
169-->[:firebase_messaging] AndroidManifest.xml:15:13-107
170            android:exported="false"
170-->[:firebase_messaging] AndroidManifest.xml:16:13-37
171            android:permission="android.permission.BIND_JOB_SERVICE" />
171-->[:firebase_messaging] AndroidManifest.xml:17:13-69
172        <service
172-->[:firebase_messaging] AndroidManifest.xml:18:9-24:19
173            android:name="io.flutter.plugins.firebase.messaging.FlutterFirebaseMessagingService"
173-->[:firebase_messaging] AndroidManifest.xml:19:13-97
174            android:exported="false" >
174-->[:firebase_messaging] AndroidManifest.xml:20:13-37
175            <intent-filter>
175-->[:firebase_messaging] AndroidManifest.xml:21:13-23:29
176                <action android:name="com.google.firebase.MESSAGING_EVENT" />
176-->[:firebase_messaging] AndroidManifest.xml:22:17-78
176-->[:firebase_messaging] AndroidManifest.xml:22:25-75
177            </intent-filter>
178        </service>
179
180        <receiver
180-->[:firebase_messaging] AndroidManifest.xml:26:9-33:20
181            android:name="io.flutter.plugins.firebase.messaging.FlutterFirebaseMessagingReceiver"
181-->[:firebase_messaging] AndroidManifest.xml:27:13-98
182            android:exported="true"
182-->[:firebase_messaging] AndroidManifest.xml:28:13-36
183            android:permission="com.google.android.c2dm.permission.SEND" >
183-->[:firebase_messaging] AndroidManifest.xml:29:13-73
184            <intent-filter>
184-->[:firebase_messaging] AndroidManifest.xml:30:13-32:29
185                <action android:name="com.google.android.c2dm.intent.RECEIVE" />
185-->[:firebase_messaging] AndroidManifest.xml:31:17-81
185-->[:firebase_messaging] AndroidManifest.xml:31:25-78
186            </intent-filter>
187        </receiver>
188
189        <provider
189-->[:firebase_messaging] AndroidManifest.xml:41:9-45:38
190            android:name="io.flutter.plugins.firebase.messaging.FlutterFirebaseMessagingInitProvider"
190-->[:firebase_messaging] AndroidManifest.xml:42:13-102
191            android:authorities="com.example.your_app_name.flutterfirebasemessaginginitprovider"
191-->[:firebase_messaging] AndroidManifest.xml:43:13-88
192            android:exported="false"
192-->[:firebase_messaging] AndroidManifest.xml:44:13-37
193            android:initOrder="99" />
193-->[:firebase_messaging] AndroidManifest.xml:45:13-35
194        <provider
194-->[:image_picker_android] AndroidManifest.xml:9:9-17:20
195            android:name="io.flutter.plugins.imagepicker.ImagePickerFileProvider"
195-->[:image_picker_android] AndroidManifest.xml:10:13-82
196            android:authorities="com.example.your_app_name.flutter.image_provider"
196-->[:image_picker_android] AndroidManifest.xml:11:13-74
197            android:exported="false"
197-->[:image_picker_android] AndroidManifest.xml:12:13-37
198            android:grantUriPermissions="true" >
198-->[:image_picker_android] AndroidManifest.xml:13:13-47
199            <meta-data
199-->[:image_picker_android] AndroidManifest.xml:14:13-16:75
200                android:name="android.support.FILE_PROVIDER_PATHS"
200-->[:image_picker_android] AndroidManifest.xml:15:17-67
201                android:resource="@xml/flutter_image_picker_file_paths" />
201-->[:image_picker_android] AndroidManifest.xml:16:17-72
202        </provider> <!-- Trigger Google Play services to install the backported photo picker module. -->
203        <service
203-->[:image_picker_android] AndroidManifest.xml:19:9-31:19
204            android:name="com.google.android.gms.metadata.ModuleDependencies"
204-->[:image_picker_android] AndroidManifest.xml:20:13-78
205            android:enabled="false"
205-->[:image_picker_android] AndroidManifest.xml:21:13-36
206            android:exported="false" >
206-->[:image_picker_android] AndroidManifest.xml:22:13-37
207            <intent-filter>
207-->[:image_picker_android] AndroidManifest.xml:24:13-26:29
208                <action android:name="com.google.android.gms.metadata.MODULE_DEPENDENCIES" />
208-->[:image_picker_android] AndroidManifest.xml:25:17-94
208-->[:image_picker_android] AndroidManifest.xml:25:25-91
209            </intent-filter>
210
211            <meta-data
211-->[:image_picker_android] AndroidManifest.xml:28:13-30:36
212                android:name="photopicker_activity:0:required"
212-->[:image_picker_android] AndroidManifest.xml:29:17-63
213                android:value="" />
213-->[:image_picker_android] AndroidManifest.xml:30:17-33
214        </service>
215
216        <provider
216-->[:open_file_android] AndroidManifest.xml:9:9-19:20
217            android:name="com.crazecoder.openfile.FileProvider"
217-->[:open_file_android] AndroidManifest.xml:10:13-64
218            android:authorities="com.example.your_app_name.fileProvider.com.crazecoder.openfile"
218-->[:open_file_android] AndroidManifest.xml:11:13-88
219            android:exported="false"
219-->[:open_file_android] AndroidManifest.xml:12:13-37
220            android:grantUriPermissions="true"
220-->[:open_file_android] AndroidManifest.xml:13:13-47
221            android:requestLegacyExternalStorage="true" >
221-->[:open_file_android] AndroidManifest.xml:14:13-56
222            <meta-data
222-->[:image_picker_android] AndroidManifest.xml:14:13-16:75
223                android:name="android.support.FILE_PROVIDER_PATHS"
223-->[:image_picker_android] AndroidManifest.xml:15:17-67
224                android:resource="@xml/filepaths" />
224-->[:image_picker_android] AndroidManifest.xml:16:17-72
225        </provider>
226
227        <activity
227-->[:url_launcher_android] AndroidManifest.xml:8:9-11:74
228            android:name="io.flutter.plugins.urllauncher.WebViewActivity"
228-->[:url_launcher_android] AndroidManifest.xml:9:13-74
229            android:exported="false"
229-->[:url_launcher_android] AndroidManifest.xml:10:13-37
230            android:theme="@android:style/Theme.NoTitleBar.Fullscreen" />
230-->[:url_launcher_android] AndroidManifest.xml:11:13-71
231        <activity
231-->[com.google.firebase:firebase-auth:22.3.1] AndroidManifest.xml:29:9-46:20
232            android:name="com.google.firebase.auth.internal.GenericIdpActivity"
232-->[com.google.firebase:firebase-auth:22.3.1] AndroidManifest.xml:30:13-80
233            android:excludeFromRecents="true"
233-->[com.google.firebase:firebase-auth:22.3.1] AndroidManifest.xml:31:13-46
234            android:exported="true"
234-->[com.google.firebase:firebase-auth:22.3.1] AndroidManifest.xml:32:13-36
235            android:launchMode="singleTask"
235-->[com.google.firebase:firebase-auth:22.3.1] AndroidManifest.xml:33:13-44
236            android:theme="@android:style/Theme.Translucent.NoTitleBar" >
236-->[com.google.firebase:firebase-auth:22.3.1] AndroidManifest.xml:34:13-72
237            <intent-filter>
237-->[com.google.firebase:firebase-auth:22.3.1] AndroidManifest.xml:35:13-45:29
238                <action android:name="android.intent.action.VIEW" />
238-->[com.google.firebase:firebase-auth:22.3.1] AndroidManifest.xml:36:17-69
238-->[com.google.firebase:firebase-auth:22.3.1] AndroidManifest.xml:36:25-66
239
240                <category android:name="android.intent.category.DEFAULT" />
240-->[com.google.firebase:firebase-auth:22.3.1] AndroidManifest.xml:38:17-76
240-->[com.google.firebase:firebase-auth:22.3.1] AndroidManifest.xml:38:27-73
241                <category android:name="android.intent.category.BROWSABLE" />
241-->[com.google.firebase:firebase-auth:22.3.1] AndroidManifest.xml:39:17-78
241-->[com.google.firebase:firebase-auth:22.3.1] AndroidManifest.xml:39:27-75
242
243                <data
243-->[:file_picker] AndroidManifest.xml:11:13-44
244                    android:host="firebase.auth"
245                    android:path="/"
246                    android:scheme="genericidp" />
247            </intent-filter>
248        </activity>
249        <activity
249-->[com.google.firebase:firebase-auth:22.3.1] AndroidManifest.xml:47:9-64:20
250            android:name="com.google.firebase.auth.internal.RecaptchaActivity"
250-->[com.google.firebase:firebase-auth:22.3.1] AndroidManifest.xml:48:13-79
251            android:excludeFromRecents="true"
251-->[com.google.firebase:firebase-auth:22.3.1] AndroidManifest.xml:49:13-46
252            android:exported="true"
252-->[com.google.firebase:firebase-auth:22.3.1] AndroidManifest.xml:50:13-36
253            android:launchMode="singleTask"
253-->[com.google.firebase:firebase-auth:22.3.1] AndroidManifest.xml:51:13-44
254            android:theme="@android:style/Theme.Translucent.NoTitleBar" >
254-->[com.google.firebase:firebase-auth:22.3.1] AndroidManifest.xml:52:13-72
255            <intent-filter>
255-->[com.google.firebase:firebase-auth:22.3.1] AndroidManifest.xml:53:13-63:29
256                <action android:name="android.intent.action.VIEW" />
256-->[com.google.firebase:firebase-auth:22.3.1] AndroidManifest.xml:36:17-69
256-->[com.google.firebase:firebase-auth:22.3.1] AndroidManifest.xml:36:25-66
257
258                <category android:name="android.intent.category.DEFAULT" />
258-->[com.google.firebase:firebase-auth:22.3.1] AndroidManifest.xml:38:17-76
258-->[com.google.firebase:firebase-auth:22.3.1] AndroidManifest.xml:38:27-73
259                <category android:name="android.intent.category.BROWSABLE" />
259-->[com.google.firebase:firebase-auth:22.3.1] AndroidManifest.xml:39:17-78
259-->[com.google.firebase:firebase-auth:22.3.1] AndroidManifest.xml:39:27-75
260
261                <data
261-->[:file_picker] AndroidManifest.xml:11:13-44
262                    android:host="firebase.auth"
263                    android:path="/"
264                    android:scheme="recaptcha" />
265            </intent-filter>
266        </activity>
267
268        <receiver
268-->[com.google.firebase:firebase-messaging:23.4.1] AndroidManifest.xml:29:9-40:20
269            android:name="com.google.firebase.iid.FirebaseInstanceIdReceiver"
269-->[com.google.firebase:firebase-messaging:23.4.1] AndroidManifest.xml:30:13-78
270            android:exported="true"
270-->[com.google.firebase:firebase-messaging:23.4.1] AndroidManifest.xml:31:13-36
271            android:permission="com.google.android.c2dm.permission.SEND" >
271-->[com.google.firebase:firebase-messaging:23.4.1] AndroidManifest.xml:32:13-73
272            <intent-filter>
272-->[:firebase_messaging] AndroidManifest.xml:30:13-32:29
273                <action android:name="com.google.android.c2dm.intent.RECEIVE" />
273-->[:firebase_messaging] AndroidManifest.xml:31:17-81
273-->[:firebase_messaging] AndroidManifest.xml:31:25-78
274            </intent-filter>
275
276            <meta-data
276-->[com.google.firebase:firebase-messaging:23.4.1] AndroidManifest.xml:37:13-39:40
277                android:name="com.google.android.gms.cloudmessaging.FINISHED_AFTER_HANDLED"
277-->[com.google.firebase:firebase-messaging:23.4.1] AndroidManifest.xml:38:17-92
278                android:value="true" />
278-->[com.google.firebase:firebase-messaging:23.4.1] AndroidManifest.xml:39:17-37
279        </receiver>
280        <!--
281             FirebaseMessagingService performs security checks at runtime,
282             but set to not exported to explicitly avoid allowing another app to call it.
283        -->
284        <service
284-->[com.google.firebase:firebase-messaging:23.4.1] AndroidManifest.xml:46:9-53:19
285            android:name="com.google.firebase.messaging.FirebaseMessagingService"
285-->[com.google.firebase:firebase-messaging:23.4.1] AndroidManifest.xml:47:13-82
286            android:directBootAware="true"
286-->[com.google.firebase:firebase-messaging:23.4.1] AndroidManifest.xml:48:13-43
287            android:exported="false" >
287-->[com.google.firebase:firebase-messaging:23.4.1] AndroidManifest.xml:49:13-37
288            <intent-filter android:priority="-500" >
288-->[:firebase_messaging] AndroidManifest.xml:21:13-23:29
289                <action android:name="com.google.firebase.MESSAGING_EVENT" />
289-->[:firebase_messaging] AndroidManifest.xml:22:17-78
289-->[:firebase_messaging] AndroidManifest.xml:22:25-75
290            </intent-filter>
291        </service>
292
293        <provider
293-->[com.google.firebase:firebase-common:20.4.3] AndroidManifest.xml:23:9-28:39
294            android:name="com.google.firebase.provider.FirebaseInitProvider"
294-->[com.google.firebase:firebase-common:20.4.3] AndroidManifest.xml:24:13-77
295            android:authorities="com.example.your_app_name.firebaseinitprovider"
295-->[com.google.firebase:firebase-common:20.4.3] AndroidManifest.xml:25:13-72
296            android:directBootAware="true"
296-->[com.google.firebase:firebase-common:20.4.3] AndroidManifest.xml:26:13-43